2025-07-06 02:30:57,087 - __main__ - INFO - Запуск системы СКУД
2025-07-06 02:30:57,087 - __main__ - INFO - Запуск Flask API...
2025-07-06 02:30:57,091 - __main__ - INFO - Запуск Telegram бота...
2025-07-06 02:30:57,095 - __main__ - INFO - Планировщик задач запущен
2025-07-06 02:30:57,095 - __main__ - INFO - Все компоненты системы СКУД запущены
2025-07-06 02:32:57,706 - __main__ - INFO - Получен сигнал завершения работы
2025-07-06 02:32:57,708 - __main__ - INFO - Завершение работы системы СКУД
2025-07-06 02:39:20,946 - __main__ - INFO - Запуск системы СКУД
2025-07-06 02:39:20,946 - __main__ - INFO - Запуск Flask API...
2025-07-06 02:39:20,951 - __main__ - INFO - Запуск Telegram бота...
2025-07-06 02:39:20,956 - __main__ - INFO - Планировщик задач запущен
2025-07-06 02:39:20,956 - __main__ - INFO - Все компоненты системы СКУД запущены
2025-07-06 02:41:38,127 - __main__ - INFO - Получен сигнал завершения работы
2025-07-06 02:41:38,128 - __main__ - INFO - Завершение работы системы СКУД
2025-07-06 02:48:18,359 - __main__ - INFO - Запуск системы СКУД
2025-07-06 02:48:18,360 - __main__ - INFO - Запуск Flask API...
2025-07-06 02:48:18,363 - __main__ - INFO - Запуск Telegram бота...
2025-07-06 02:48:18,366 - __main__ - INFO - Планировщик задач запущен
2025-07-06 02:48:18,366 - __main__ - INFO - Все компоненты системы СКУД запущены
2025-07-06 02:55:29,688 - __main__ - INFO - Запуск системы СКУД
2025-07-06 02:55:29,689 - __main__ - INFO - Запуск Flask API...
2025-07-06 02:55:29,692 - __main__ - INFO - Запуск Telegram бота...
2025-07-06 02:55:29,695 - __main__ - INFO - Планировщик задач запущен
2025-07-06 02:55:29,695 - __main__ - INFO - Все компоненты системы СКУД запущены
2025-07-06 02:55:45,099 - __main__ - INFO - Завершение работы системы СКУД
2025-07-06 03:02:53,622 - __main__ - INFO - Завершение работы системы СКУД
2025-07-06 03:02:59,775 - __main__ - INFO - Запуск системы СКУД
2025-07-06 03:02:59,775 - __main__ - INFO - Запуск Flask API...
2025-07-06 03:02:59,779 - __main__ - INFO - Запуск Telegram бота...
2025-07-06 03:02:59,785 - __main__ - INFO - Планировщик задач запущен
2025-07-06 03:02:59,785 - __main__ - INFO - Все компоненты системы СКУД запущены
2025-07-06 03:03:55,908 - __main__ - INFO - Получен сигнал завершения работы
2025-07-06 03:03:55,909 - __main__ - INFO - Завершение работы системы СКУД
2025-07-06 03:04:49,068 - __main__ - INFO - Запуск системы СКУД
2025-07-06 03:04:49,068 - __main__ - INFO - Запуск Flask API...
2025-07-06 03:04:49,072 - __main__ - INFO - Запуск Telegram бота...
2025-07-06 03:04:49,077 - __main__ - INFO - Планировщик задач запущен
2025-07-06 03:04:49,077 - __main__ - INFO - Все компоненты системы СКУД запущены
2025-07-06 03:05:27,881 - __main__ - INFO - Получен сигнал завершения работы
2025-07-06 03:05:27,881 - __main__ - INFO - Завершение работы системы СКУД
2025-07-06 03:06:42,485 - __main__ - INFO - Запуск системы СКУД
2025-07-06 03:06:42,486 - __main__ - INFO - Запуск Flask API...
2025-07-06 03:06:42,491 - __main__ - INFO - Запуск Telegram бота...
2025-07-06 03:06:42,500 - __main__ - INFO - Планировщик задач запущен
2025-07-06 03:06:42,500 - __main__ - INFO - Все компоненты системы СКУД запущены
2025-07-06 03:08:37,805 - __main__ - INFO - Получен сигнал завершения работы
2025-07-06 03:08:37,806 - __main__ - INFO - Завершение работы системы СКУД
2025-07-06 03:08:50,940 - __main__ - INFO - Запуск системы СКУД
2025-07-06 03:08:50,941 - __main__ - INFO - Запуск Flask API...
2025-07-06 03:08:50,945 - __main__ - INFO - Запуск Telegram бота...
2025-07-06 03:08:50,952 - __main__ - INFO - Планировщик задач запущен
2025-07-06 03:08:50,952 - __main__ - INFO - Все компоненты системы СКУД запущены
2025-07-06 03:11:34,078 - __main__ - INFO - Завершение работы системы СКУД
2025-07-06 03:11:54,033 - __main__ - INFO - Запуск системы СКУД
2025-07-06 03:11:54,033 - __main__ - INFO - Запуск Flask API...
2025-07-06 03:11:54,036 - __main__ - INFO - Запуск Telegram бота...
2025-07-06 03:11:54,044 - __main__ - INFO - Планировщик задач запущен
2025-07-06 03:11:54,044 - __main__ - INFO - Все компоненты системы СКУД запущены
2025-07-06 03:25:18,268 - __main__ - INFO - Получен сигнал завершения работы
2025-07-06 03:25:18,269 - __main__ - INFO - Завершение работы системы СКУД
2025-07-06 03:35:13,614 - __main__ - INFO - Запуск системы СКУД
2025-07-06 03:35:14,016 - __main__ - INFO - Запуск Flask API...
2025-07-06 03:35:14,018 - __main__ - INFO - Запуск Telegram бота...
2025-07-06 03:35:14,022 - __main__ - INFO - Планировщик задач запущен
2025-07-06 03:35:14,022 - __main__ - INFO - Все компоненты системы СКУД запущены
2025-07-06 03:35:14,023 - __main__ - INFO - Веб-интерфейс доступен по адресу: http://localhost:5000
2025-07-06 11:39:23,357 - __main__ - INFO - Получен сигнал завершения работы
2025-07-06 11:39:23,357 - __main__ - INFO - Завершение работы системы СКУД
2025-07-06 11:40:44,453 - __main__ - INFO - Запуск системы СКУД
2025-07-06 11:40:46,412 - __main__ - INFO - Запуск Flask API...
2025-07-06 11:40:46,424 - __main__ - INFO - Запуск Telegram бота...
2025-07-06 11:40:46,437 - __main__ - INFO - Планировщик задач запущен
2025-07-06 11:40:46,438 - __main__ - INFO - Все компоненты системы СКУД запущены
2025-07-06 11:40:46,438 - __main__ - INFO - Веб-интерфейс доступен по адресу: http://localhost:5000
2025-07-06 11:49:51,612 - __main__ - INFO - Запуск системы СКУД
2025-07-06 11:49:51,974 - __main__ - INFO - Запуск Flask API...
2025-07-06 11:49:51,976 - __main__ - INFO - Запуск Telegram бота...
2025-07-06 11:49:51,980 - __main__ - INFO - Планировщик задач запущен
2025-07-06 11:49:51,980 - __main__ - INFO - Все компоненты системы СКУД запущены
2025-07-06 11:49:51,980 - __main__ - INFO - Веб-интерфейс доступен по адресу: http://localhost:5000
2025-07-06 11:50:46,598 - __main__ - INFO - Завершение работы системы СКУД
2025-07-06 11:51:37,268 - __main__ - INFO - Запуск системы СКУД
2025-07-06 11:51:37,622 - __main__ - ERROR - Произошла ошибка: module 'app' has no attribute 'route'
Traceback (most recent call last):
  File "C:\Users\user\Documents\PythonProject\SKUD\SKUD_Python\run.py", line 65, in main
    import app.web_routes
  File "C:\Users\user\Documents\PythonProject\SKUD\SKUD_Python\app\web_routes.py", line 12, in <module>
    from app.main import app, load_attendance_data, load_employees, save_new_employee
  File "C:\Users\user\Documents\PythonProject\SKUD\SKUD_Python\app\main.py", line 115, in <module>
    @app.route('/api/attendance', methods=['POST'])
     ^^^^^^^^^
AttributeError: module 'app' has no attribute 'route'
2025-07-06 11:51:37,627 - __main__ - INFO - Завершение работы системы СКУД
2025-07-06 11:51:39,649 - __main__ - INFO - Запуск системы СКУД
2025-07-06 11:51:40,012 - __main__ - ERROR - Произошла ошибка: module 'app' has no attribute 'route'
Traceback (most recent call last):
  File "C:\Users\user\Documents\PythonProject\SKUD\SKUD_Python\run.py", line 65, in main
    import app.web_routes
  File "C:\Users\user\Documents\PythonProject\SKUD\SKUD_Python\app\web_routes.py", line 12, in <module>
    from app.main import app, load_attendance_data, load_employees, save_new_employee
  File "C:\Users\user\Documents\PythonProject\SKUD\SKUD_Python\app\main.py", line 115, in <module>
    @app.route('/api/attendance', methods=['POST'])
     ^^^^^^^^^
AttributeError: module 'app' has no attribute 'route'
2025-07-06 11:51:40,013 - __main__ - INFO - Завершение работы системы СКУД
2025-07-06 11:52:13,564 - __main__ - INFO - Запуск системы СКУД
2025-07-06 11:52:14,174 - __main__ - ERROR - Произошла ошибка: module 'app' has no attribute 'route'
Traceback (most recent call last):
  File "C:\Users\user\Documents\PythonProject\SKUD\SKUD_Python\run.py", line 65, in main
    import app.web_routes
  File "C:\Users\user\Documents\PythonProject\SKUD\SKUD_Python\app\web_routes.py", line 12, in <module>
    from app.main import app, load_attendance_data, load_employees, save_new_employee
  File "C:\Users\user\Documents\PythonProject\SKUD\SKUD_Python\app\main.py", line 115, in <module>
    @app.route('/api/attendance', methods=['POST'])
     ^^^^^^^^^
AttributeError: module 'app' has no attribute 'route'
2025-07-06 11:52:14,176 - __main__ - INFO - Завершение работы системы СКУД
2025-07-06 11:53:50,225 - __main__ - INFO - Запуск системы СКУД
2025-07-06 11:53:50,581 - __main__ - INFO - Запуск Flask API...
2025-07-06 11:53:50,584 - __main__ - INFO - Запуск Telegram бота...
2025-07-06 11:53:50,587 - __main__ - INFO - Планировщик задач запущен
2025-07-06 11:53:50,588 - __main__ - INFO - Все компоненты системы СКУД запущены
2025-07-06 11:53:50,588 - __main__ - INFO - Веб-интерфейс доступен по адресу: http://localhost:5000
2025-07-06 11:55:22,528 - __main__ - INFO - Получен сигнал завершения работы
2025-07-06 11:55:22,528 - __main__ - INFO - Завершение работы системы СКУД
2025-07-06 11:55:24,126 - __main__ - INFO - Запуск системы СКУД
2025-07-06 11:55:24,473 - __main__ - INFO - Запуск Flask API...
2025-07-06 11:55:24,477 - __main__ - INFO - Запуск Telegram бота...
2025-07-06 11:55:24,482 - __main__ - INFO - Планировщик задач запущен
2025-07-06 11:55:24,482 - __main__ - INFO - Все компоненты системы СКУД запущены
2025-07-06 11:55:24,483 - __main__ - INFO - Веб-интерфейс доступен по адресу: http://localhost:5000
2025-07-06 11:55:25,124 - __main__ - INFO - Получен сигнал завершения работы
2025-07-06 11:55:25,124 - __main__ - INFO - Завершение работы системы СКУД
2025-07-06 11:56:32,945 - __main__ - INFO - Завершение работы системы СКУД
2025-07-06 11:56:39,186 - __main__ - INFO - Запуск системы СКУД
2025-07-06 11:56:39,544 - __main__ - INFO - Запуск Flask API...
2025-07-06 11:56:39,547 - __main__ - INFO - Запуск Telegram бота...
2025-07-06 11:56:39,551 - __main__ - INFO - Планировщик задач запущен
2025-07-06 11:56:39,551 - __main__ - INFO - Все компоненты системы СКУД запущены
2025-07-06 11:56:39,552 - __main__ - INFO - Веб-интерфейс доступен по адресу: http://localhost:5000
2025-07-06 11:57:41,277 - __main__ - INFO - Получен сигнал завершения работы
2025-07-06 11:57:41,277 - __main__ - INFO - Завершение работы системы СКУД
2025-07-06 12:15:50,407 - __main__ - INFO - Запуск системы СКУД
2025-07-06 12:15:50,756 - __main__ - INFO - Запуск Flask API...
2025-07-06 12:15:50,760 - __main__ - INFO - Запуск Telegram бота...
2025-07-06 12:15:50,764 - __main__ - INFO - Планировщик задач запущен
2025-07-06 12:15:50,764 - __main__ - INFO - Все компоненты системы СКУД запущены
2025-07-06 12:15:50,765 - __main__ - INFO - Веб-интерфейс доступен по адресу: http://localhost:5000
2025-07-06 12:16:08,805 - __main__ - INFO - Получен сигнал завершения работы
2025-07-06 12:16:08,805 - __main__ - INFO - Завершение работы системы СКУД
2025-07-06 12:16:53,485 - __main__ - INFO - Запуск системы СКУД
2025-07-06 12:16:53,853 - __main__ - INFO - Запуск Flask API...
2025-07-06 12:16:53,856 - __main__ - INFO - Запуск Telegram бота...
2025-07-06 12:16:53,860 - __main__ - INFO - Планировщик задач запущен
2025-07-06 12:16:53,861 - __main__ - INFO - Все компоненты системы СКУД запущены
2025-07-06 12:16:53,861 - __main__ - INFO - Веб-интерфейс доступен по адресу: http://localhost:5000
2025-07-06 12:23:36,947 - __main__ - INFO - Получен сигнал завершения работы
2025-07-06 12:23:36,948 - __main__ - INFO - Завершение работы системы СКУД
2025-07-06 12:23:41,529 - __main__ - INFO - Запуск системы СКУД
2025-07-06 12:23:41,876 - __main__ - INFO - Запуск Flask API...
2025-07-06 12:23:41,880 - __main__ - INFO - Запуск Telegram бота...
2025-07-06 12:23:41,884 - __main__ - INFO - Планировщик задач запущен
2025-07-06 12:23:41,884 - __main__ - INFO - Все компоненты системы СКУД запущены
2025-07-06 12:23:41,885 - __main__ - INFO - Веб-интерфейс доступен по адресу: http://localhost:5000
2025-07-06 12:25:16,011 - __main__ - INFO - Получен сигнал завершения работы
2025-07-06 12:25:16,011 - __main__ - INFO - Завершение работы системы СКУД
2025-07-06 12:25:18,350 - __main__ - INFO - Запуск системы СКУД
2025-07-06 12:25:18,711 - __main__ - INFO - Запуск Flask API...
2025-07-06 12:25:18,714 - __main__ - INFO - Запуск Telegram бота...
2025-07-06 12:25:18,720 - __main__ - INFO - Планировщик задач запущен
2025-07-06 12:25:18,720 - __main__ - INFO - Все компоненты системы СКУД запущены
2025-07-06 12:25:18,721 - __main__ - INFO - Веб-интерфейс доступен по адресу: http://localhost:5000
2025-07-06 12:26:06,589 - __main__ - INFO - Запуск системы СКУД
2025-07-06 12:26:06,933 - __main__ - INFO - Запуск Flask API...
2025-07-06 12:26:06,936 - __main__ - INFO - Запуск Telegram бота...
2025-07-06 12:26:06,940 - __main__ - INFO - Планировщик задач запущен
2025-07-06 12:26:06,940 - __main__ - INFO - Все компоненты системы СКУД запущены
2025-07-06 12:26:06,942 - __main__ - INFO - Веб-интерфейс доступен по адресу: http://localhost:5000
2025-07-06 12:26:13,829 - __main__ - INFO - Получен сигнал завершения работы
2025-07-06 12:26:13,830 - __main__ - INFO - Завершение работы системы СКУД
2025-07-06 12:27:21,655 - __main__ - INFO - Запуск системы СКУД
2025-07-06 12:27:22,005 - __main__ - INFO - Запуск Flask API...
2025-07-06 12:27:22,008 - __main__ - INFO - Запуск Telegram бота...
2025-07-06 12:27:22,012 - __main__ - INFO - Планировщик задач запущен
2025-07-06 12:27:22,012 - __main__ - INFO - Все компоненты системы СКУД запущены
2025-07-06 12:27:22,014 - __main__ - INFO - Веб-интерфейс доступен по адресу: http://localhost:5000
2025-07-06 12:28:42,980 - __main__ - INFO - Получен сигнал завершения работы
2025-07-06 12:28:42,981 - __main__ - INFO - Завершение работы системы СКУД
2025-07-06 12:28:59,313 - __main__ - INFO - Запуск системы СКУД
2025-07-06 12:28:59,664 - __main__ - INFO - Запуск Flask API...
2025-07-06 12:28:59,667 - __main__ - INFO - Запуск Telegram бота...
2025-07-06 12:28:59,672 - __main__ - INFO - Планировщик задач запущен
2025-07-06 12:28:59,672 - __main__ - INFO - Все компоненты системы СКУД запущены
2025-07-06 12:28:59,673 - __main__ - INFO - Веб-интерфейс доступен по адресу: http://localhost:5000
2025-07-06 12:30:49,399 - __main__ - INFO - Получен сигнал завершения работы
2025-07-06 12:30:49,399 - __main__ - INFO - Завершение работы системы СКУД
2025-07-06 12:30:50,669 - __main__ - INFO - Запуск системы СКУД
2025-07-06 12:30:51,026 - __main__ - INFO - Запуск Flask API...
2025-07-06 12:30:51,029 - __main__ - INFO - Запуск Telegram бота...
2025-07-06 12:30:51,033 - __main__ - INFO - Планировщик задач запущен
2025-07-06 12:30:51,033 - __main__ - INFO - Все компоненты системы СКУД запущены
2025-07-06 12:30:51,035 - __main__ - INFO - Веб-интерфейс доступен по адресу: http://localhost:5000
2025-07-06 12:36:17,731 - __main__ - INFO - Получен сигнал завершения работы
2025-07-06 12:36:17,732 - __main__ - INFO - Завершение работы системы СКУД
2025-07-06 13:00:34,280 - __main__ - INFO - Запуск системы СКУД
2025-07-06 13:00:34,670 - __main__ - INFO - Запуск Flask API...
2025-07-06 13:00:34,673 - __main__ - INFO - Запуск Telegram бота...
2025-07-06 13:00:34,678 - __main__ - INFO - Планировщик задач запущен
2025-07-06 13:00:34,678 - __main__ - INFO - Все компоненты системы СКУД запущены
2025-07-06 13:00:34,679 - __main__ - INFO - Веб-интерфейс доступен по адресу: http://localhost:5000
2025-07-06 13:02:09,707 - __main__ - INFO - Получен сигнал завершения работы
2025-07-06 13:02:09,707 - __main__ - INFO - Завершение работы системы СКУД
2025-07-06 13:02:11,639 - __main__ - INFO - Запуск системы СКУД
2025-07-06 13:02:12,000 - __main__ - INFO - Запуск Flask API...
2025-07-06 13:02:12,004 - __main__ - INFO - Запуск Telegram бота...
2025-07-06 13:02:12,009 - __main__ - INFO - Планировщик задач запущен
2025-07-06 13:02:12,009 - __main__ - INFO - Все компоненты системы СКУД запущены
2025-07-06 13:02:12,010 - __main__ - INFO - Веб-интерфейс доступен по адресу: http://localhost:5000
2025-07-06 21:07:48,548 - __main__ - INFO - Получен сигнал завершения работы
2025-07-06 21:07:48,550 - __main__ - INFO - Завершение работы системы СКУД
2025-07-07 17:33:20,579 - __main__ - INFO - Запуск системы СКУД
2025-07-07 17:33:21,452 - __main__ - INFO - Запуск Flask API...
2025-07-07 17:33:21,457 - __main__ - INFO - Запуск Telegram бота...
2025-07-07 17:33:21,462 - __main__ - INFO - Планировщик задач запущен
2025-07-07 17:33:21,462 - __main__ - INFO - Все компоненты системы СКУД запущены
2025-07-07 17:33:21,463 - __main__ - INFO - Веб-интерфейс доступен по адресу: http://localhost:5000
2025-07-07 17:36:19,583 - __main__ - INFO - Запуск системы СКУД
2025-07-07 17:36:24,237 - __main__ - INFO - Запуск Flask API...
2025-07-07 17:36:24,244 - __main__ - INFO - Запуск Telegram бота...
2025-07-07 17:36:24,252 - __main__ - INFO - Планировщик задач запущен
2025-07-07 17:36:24,253 - __main__ - INFO - Все компоненты системы СКУД запущены
2025-07-07 17:36:24,257 - __main__ - INFO - Веб-интерфейс доступен по адресу: http://localhost:5000
2025-07-07 17:37:39,010 - __main__ - INFO - Получен сигнал завершения работы
2025-07-07 17:37:39,010 - __main__ - INFO - Завершение работы системы СКУД
2025-07-07 17:38:06,382 - __main__ - INFO - Запуск системы СКУД
2025-07-07 17:38:06,789 - __main__ - INFO - Запуск Flask API...
2025-07-07 17:38:06,793 - __main__ - INFO - Запуск Telegram бота...
2025-07-07 17:38:06,799 - __main__ - INFO - Планировщик задач запущен
2025-07-07 17:38:06,799 - __main__ - INFO - Все компоненты системы СКУД запущены
2025-07-07 17:38:06,800 - __main__ - INFO - Веб-интерфейс доступен по адресу: http://localhost:5000
2025-07-07 17:38:43,829 - __main__ - INFO - Получен сигнал завершения работы
2025-07-07 17:38:43,830 - __main__ - INFO - Завершение работы системы СКУД
2025-07-07 19:21:51,707 - __main__ - INFO - Запуск системы СКУД
2025-07-07 19:21:52,203 - __main__ - INFO - Запуск Flask API...
2025-07-07 19:21:52,206 - __main__ - INFO - Запуск Telegram бота...
2025-07-07 19:21:52,211 - __main__ - INFO - Планировщик задач запущен
2025-07-07 19:21:52,211 - __main__ - INFO - Все компоненты системы СКУД запущены
2025-07-07 19:21:52,211 - __main__ - INFO - Веб-интерфейс доступен по адресу: http://localhost:5000
2025-07-07 19:25:25,581 - __main__ - INFO - Получен сигнал завершения работы
2025-07-07 19:25:25,583 - __main__ - INFO - Завершение работы системы СКУД
2025-07-07 19:26:39,740 - __main__ - INFO - Запуск системы СКУД
2025-07-07 19:26:40,359 - __main__ - INFO - Запуск Flask API...
2025-07-07 19:26:40,362 - __main__ - INFO - Запуск Telegram бота...
2025-07-07 19:26:40,368 - __main__ - INFO - Планировщик задач запущен
2025-07-07 19:26:40,368 - __main__ - INFO - Все компоненты системы СКУД запущены
2025-07-07 19:26:40,369 - __main__ - INFO - Веб-интерфейс доступен по адресу: http://localhost:5000
2025-07-07 19:34:11,281 - __main__ - INFO - Получен сигнал завершения работы
2025-07-07 19:34:11,283 - __main__ - INFO - Завершение работы системы СКУД
2025-07-07 19:34:30,882 - __main__ - INFO - Запуск системы СКУД
2025-07-07 19:34:32,678 - __main__ - ERROR - Произошла ошибка: View function mapping is overwriting an existing endpoint function: dashboard
Traceback (most recent call last):
  File "C:\Users\user\Documents\PythonProject\SKUD\SKUD_Python\run.py", line 68, in main
    import app.web_routes
  File "C:\Users\user\Documents\PythonProject\SKUD\SKUD_Python\app\web_routes.py", line 15, in <module>
    @app.route('/')
     ~~~~~~~~~^^^^^
  File "C:\Users\user\AppData\Local\Programs\Python\Python313\Lib\site-packages\flask\sansio\scaffold.py", line 362, in decorator
    self.add_url_rule(rule, endpoint, f, **options)
    ~~~~~~~~~~~~~~~~~^^^^^^^^^^^^^^^^^^^^^^^^^^^^^^
  File "C:\Users\user\AppData\Local\Programs\Python\Python313\Lib\site-packages\flask\sansio\scaffold.py", line 47, in wrapper_func
    return f(self, *args, **kwargs)
  File "C:\Users\user\AppData\Local\Programs\Python\Python313\Lib\site-packages\flask\sansio\app.py", line 657, in add_url_rule
    raise AssertionError(
    ...<2 lines>...
    )
AssertionError: View function mapping is overwriting an existing endpoint function: dashboard
2025-07-07 19:34:32,695 - __main__ - INFO - Завершение работы системы СКУД
2025-07-07 19:36:49,976 - __main__ - INFO - Запуск системы СКУД
2025-07-07 19:36:49,976 - __main__ - INFO - Запуск Flask API...
2025-07-07 19:36:49,981 - __main__ - INFO - Запуск Telegram бота...
2025-07-07 19:36:49,986 - __main__ - INFO - Планировщик задач запущен
2025-07-07 19:36:49,986 - __main__ - INFO - Все компоненты системы СКУД запущены
2025-07-07 19:36:49,987 - __main__ - INFO - Веб-интерфейс доступен по адресу: http://localhost:5000
2025-07-07 19:40:14,922 - __main__ - INFO - Получен сигнал завершения работы
2025-07-07 19:40:14,923 - __main__ - INFO - Завершение работы системы СКУД
2025-07-07 19:44:21,991 - __main__ - INFO - Запуск системы СКУД
2025-07-07 19:44:21,991 - __main__ - INFO - Запуск Flask API...
2025-07-07 19:44:21,996 - __main__ - INFO - Запуск Telegram бота...
2025-07-07 19:44:22,005 - __main__ - INFO - Планировщик задач запущен
2025-07-07 19:44:22,005 - __main__ - INFO - Все компоненты системы СКУД запущены
2025-07-07 19:44:22,008 - __main__ - INFO - Веб-интерфейс доступен по адресу: http://localhost:5000
2025-07-07 19:48:12,352 - __main__ - INFO - Получен сигнал завершения работы
2025-07-07 19:48:12,352 - __main__ - INFO - Завершение работы системы СКУД
2025-07-07 19:48:14,159 - __main__ - INFO - Запуск системы СКУД
2025-07-07 19:48:14,159 - __main__ - INFO - Запуск Flask API...
2025-07-07 19:48:14,164 - __main__ - INFO - Запуск Telegram бота...
2025-07-07 19:48:14,171 - __main__ - INFO - Планировщик задач запущен
2025-07-07 19:48:14,171 - __main__ - INFO - Все компоненты системы СКУД запущены
2025-07-07 19:48:14,173 - __main__ - INFO - Веб-интерфейс доступен по адресу: http://localhost:5000
2025-07-08 00:01:55,703 - __main__ - INFO - Запуск автоматического закрытия незавершенных дней...
2025-07-08 00:01:56,057 - __main__ - INFO - Запуск автоматического закрытия незавершенных дней...
2025-07-08 00:59:52,304 - __main__ - INFO - Получен сигнал завершения работы
2025-07-08 00:59:52,305 - __main__ - INFO - Завершение работы системы СКУД
